; ModuleID = 'ocaml-llvm-examples'
source_filename = "ocaml-llvm-examples"

@gcd_ref.1 = private unnamed_addr constant [17 x i8] c"Running gcd ref\0A\00", align 1
@mysterious = private unnamed_addr constant [23 x i8] c"Mysterious number: %d\0A\00", align 1

declare i32 @printf(i8*, ...)

define i32 @gcd_ref(i32 %a, i32 %b) {
entry:
  %a1 = alloca i32, align 4
  store i32 %a, i32* %a1, align 4
  %b2 = alloca i32, align 4
  store i32 %b, i32* %b2, align 4
  br label %while

while:                                            ; preds = %if_end, %entry
  %a3 = load i32, i32* %a1, align 4
  %a4 = load i32, i32* %b2, align 4
  %tmp = icmp ne i32 %a3, %a4
  br i1 %tmp, label %while_body, label %while_end

while_body:                                       ; preds = %while
  %b5 = load i32, i32* %b2, align 4
  %a6 = load i32, i32* %a1, align 4
  %tmp7 = icmp slt i32 %b5, %a6
  br i1 %tmp7, label %then, label %else

then:                                             ; preds = %while_body
  %a8 = load i32, i32* %a1, align 4
  %b9 = load i32, i32* %b2, align 4
  %tmp10 = sub i32 %a8, %b9
  store i32 %tmp10, i32* %a1, align 4
  br label %if_end

else:                                             ; preds = %while_body
  %b11 = load i32, i32* %b2, align 4
  %a12 = load i32, i32* %a1, align 4
  %tmp13 = sub i32 %b11, %a12
  store i32 %tmp13, i32* %b2, align 4
  br label %if_end

if_end:                                           ; preds = %else, %then
  br label %while

while_end:                                        ; preds = %while
  %a14 = load i32, i32* %a1, align 4
  %res = call i32 (i8*, ...) @printf(i8* getelementptr inbounds ([17 x i8], [17 x i8]* @gcd_ref.1, i32 0, i32 0))
  ret i32 %a14
}

define i32 @main() {
entry:
  %gcd_res = call i32 @gcd_ref(i32 10, i32 20)
  %res = call i32 (i8*, ...) @printf(i8* getelementptr inbounds ([23 x i8], [23 x i8]* @mysterious, i32 0, i32 0), i32 %gcd_res)
  ret i32 0
}

